c:\users\ivoro\source\repos\ebook-image\charcoal\x64\debug\libzippp.dll
c:\users\ivoro\source\repos\ebook-image\charcoal\x64\debug\zip.dll
c:\users\ivoro\source\repos\ebook-image\charcoal\x64\debug\bz2d.dll
c:\users\ivoro\source\repos\ebook-image\charcoal\x64\debug\zlibd1.dll
c:\users\ivoro\source\repos\ebook-image\charcoal\x64\debug\tinyxml2.dll
c:\users\ivoro\source\repos\ebook-image\charcoal\charcoal\x64\debug\vc143.pdb
c:\users\ivoro\source\repos\ebook-image\charcoal\charcoal\x64\debug\vc143.idb
c:\users\ivoro\source\repos\ebook-image\charcoal\charcoal\x64\debug\main.obj
c:\users\ivoro\source\repos\ebook-image\charcoal\charcoal\x64\debug\library.obj
c:\users\ivoro\source\repos\ebook-image\charcoal\charcoal\x64\debug\charcoal.obj
c:\users\ivoro\source\repos\ebook-image\charcoal\x64\debug\charcoal.exe
c:\users\ivoro\source\repos\ebook-image\charcoal\x64\debug\charcoal.pdb
c:\users\ivoro\source\repos\ebook-image\charcoal\charcoal\x64\debug\charcoal.ilk
c:\users\ivoro\source\repos\ebook-image\charcoal\charcoal\x64\debug\charcoal.tlog\charcoal.write.1u.tlog
c:\users\ivoro\source\repos\ebook-image\charcoal\charcoal\x64\debug\charcoal.tlog\cl.command.1.tlog
c:\users\ivoro\source\repos\ebook-image\charcoal\charcoal\x64\debug\charcoal.tlog\cl.items.tlog
c:\users\ivoro\source\repos\ebook-image\charcoal\charcoal\x64\debug\charcoal.tlog\cl.read.1.tlog
c:\users\ivoro\source\repos\ebook-image\charcoal\charcoal\x64\debug\charcoal.tlog\cl.write.1.tlog
c:\users\ivoro\source\repos\ebook-image\charcoal\charcoal\x64\debug\charcoal.tlog\link.command.1.tlog
c:\users\ivoro\source\repos\ebook-image\charcoal\charcoal\x64\debug\charcoal.tlog\link.read.1.tlog
c:\users\ivoro\source\repos\ebook-image\charcoal\charcoal\x64\debug\charcoal.tlog\link.secondary.1.tlog
c:\users\ivoro\source\repos\ebook-image\charcoal\charcoal\x64\debug\charcoal.tlog\link.write.1.tlog
