c:\users\angel\onedrive\desktop\libmobi-public\msvc\x64\debug\libmobi.pdb
c:\users\angel\onedrive\desktop\libmobi-public\msvc\x64\debug\libmobi.idb
c:\users\angel\onedrive\desktop\libmobi-public\msvc\libmobi\x64\debug\write.obj
c:\users\angel\onedrive\desktop\libmobi-public\msvc\libmobi\x64\debug\util.obj
c:\users\angel\onedrive\desktop\libmobi-public\msvc\libmobi\x64\debug\structure.obj
c:\users\angel\onedrive\desktop\libmobi-public\msvc\libmobi\x64\debug\sha1.obj
c:\users\angel\onedrive\desktop\libmobi-public\msvc\libmobi\x64\debug\read.obj
c:\users\angel\onedrive\desktop\libmobi-public\msvc\libmobi\x64\debug\randombytes.obj
c:\users\angel\onedrive\desktop\libmobi-public\msvc\libmobi\x64\debug\parse_rawml.obj
c:\users\angel\onedrive\desktop\libmobi-public\msvc\libmobi\x64\debug\opf.obj
c:\users\angel\onedrive\desktop\libmobi-public\msvc\libmobi\x64\debug\meta.obj
c:\users\angel\onedrive\desktop\libmobi-public\msvc\libmobi\x64\debug\memory.obj
c:\users\angel\onedrive\desktop\libmobi-public\msvc\libmobi\x64\debug\index.obj
c:\users\angel\onedrive\desktop\libmobi-public\msvc\libmobi\x64\debug\encryption.obj
c:\users\angel\onedrive\desktop\libmobi-public\msvc\libmobi\x64\debug\debug.obj
c:\users\angel\onedrive\desktop\libmobi-public\msvc\libmobi\x64\debug\compression.obj
c:\users\angel\onedrive\desktop\libmobi-public\msvc\libmobi\x64\debug\buffer.obj
c:\users\angel\onedrive\desktop\libmobi-public\msvc\x64\debug\libmobi.lib
c:\users\angel\onedrive\desktop\libmobi-public\msvc\libmobi\x64\debug\libmobi.tlog\cl.command.1.tlog
c:\users\angel\onedrive\desktop\libmobi-public\msvc\libmobi\x64\debug\libmobi.tlog\cl.items.tlog
c:\users\angel\onedrive\desktop\libmobi-public\msvc\libmobi\x64\debug\libmobi.tlog\cl.read.1.tlog
c:\users\angel\onedrive\desktop\libmobi-public\msvc\libmobi\x64\debug\libmobi.tlog\cl.write.1.tlog
c:\users\angel\onedrive\desktop\libmobi-public\msvc\libmobi\x64\debug\libmobi.tlog\lib-link.read.1.tlog
c:\users\angel\onedrive\desktop\libmobi-public\msvc\libmobi\x64\debug\libmobi.tlog\lib-link.write.1.tlog
c:\users\angel\onedrive\desktop\libmobi-public\msvc\libmobi\x64\debug\libmobi.tlog\lib.command.1.tlog
